\BOOKMARK [1][-]{section.1}{1. Objectives}{}% 1
\BOOKMARK [1][-]{section.2}{2. Prerequisites}{}% 2
\BOOKMARK [1][-]{section.3}{3. Requirements}{}% 3
\BOOKMARK [2][-]{subsection.3.1}{3.1. Text}{section.3}% 4
\BOOKMARK [2][-]{subsection.3.2}{3.2. Documents}{section.3}% 5
\BOOKMARK [2][-]{subsection.3.3}{3.3. Software}{section.3}% 6
\BOOKMARK [1][-]{section.4}{4. Behavioral Requirements}{}% 7
\BOOKMARK [1][-]{section.5}{5. Course Periodicity}{}% 8
\BOOKMARK [2][-]{subsection.5.1}{5.1. Questions}{section.5}% 9
\BOOKMARK [2][-]{subsection.5.2}{5.2. Exercises}{section.5}% 10
\BOOKMARK [2][-]{subsection.5.3}{5.3. Problems}{section.5}% 11
\BOOKMARK [1][-]{section.6}{6. Assessment}{}% 12
\BOOKMARK [2][-]{subsection.6.1}{6.1. Late Work}{section.6}% 13
\BOOKMARK [2][-]{subsection.6.2}{6.2. Grades}{section.6}% 14
\BOOKMARK [2][-]{subsection.6.3}{6.3. Letter-Based-Grades}{section.6}% 15
\BOOKMARK [1][-]{section.7}{7. Harassment}{}% 16
\BOOKMARK [1][-]{section.8}{8. Other}{}% 17
\BOOKMARK [1][-]{section.9}{9. Readings}{}% 18
\BOOKMARK [1][-]{section.10}{10. Portfolio}{}% 19
\BOOKMARK [2][-]{subsection.10.1}{10.1. Course Tracker}{section.10}% 20
\BOOKMARK [2][-]{subsection.10.2}{10.2. Grade Claims}{section.10}% 21
\BOOKMARK [2][-]{subsection.10.3}{10.3. Evidences}{section.10}% 22
